<?xml version="1.0" encoding="UTF-8"?>
<testsuite xmlns:xsi="http://www.w3.org/2001/XMLSchema-instance" xsi:noNamespaceSchemaLocation="https://maven.apache.org/surefire/maven-surefire-plugin/xsd/surefire-test-report.xsd" name="com.fx.calc.CalcApplicationTests" time="3.194" tests="2" errors="0" skipped="0" failures="1">
  <properties>
    <property name="sun.desktop" value="gnome"/>
    <property name="awt.toolkit" value="sun.awt.X11.XToolkit"/>
    <property name="file.encoding.pkg" value="sun.io"/>
    <property name="java.specification.version" value="1.8"/>
    <property name="sun.cpu.isalist" value=""/>
    <property name="sun.jnu.encoding" value="UTF-8"/>
    <property name="java.class.path" value="/home/efeariaroo/projects/java/fx-calc/target/test-classes:/home/efeariaroo/projects/java/fx-calc/target/classes:/home/efeariaroo/.m2/repository/org/springframework/boot/spring-boot-starter/2.1.16.BUILD-SNAPSHOT/spring-boot-starter-2.1.16.BUILD-SNAPSHOT.jar:/home/efeariaroo/.m2/repository/org/springframework/boot/spring-boot/2.1.16.BUILD-SNAPSHOT/spring-boot-2.1.16.BUILD-SNAPSHOT.jar:/home/efeariaroo/.m2/repository/org/springframework/spring-context/5.1.16.RELEASE/spring-context-5.1.16.RELEASE.jar:/home/efeariaroo/.m2/repository/org/springframework/spring-aop/5.1.16.RELEASE/spring-aop-5.1.16.RELEASE.jar:/home/efeariaroo/.m2/repository/org/springframework/spring-beans/5.1.16.RELEASE/spring-beans-5.1.16.RELEASE.jar:/home/efeariaroo/.m2/repository/org/springframework/spring-expression/5.1.16.RELEASE/spring-expression-5.1.16.RELEASE.jar:/home/efeariaroo/.m2/repository/org/springframework/boot/spring-boot-autoconfigure/2.1.16.BUILD-SNAPSHOT/spring-boot-autoconfigure-2.1.16.BUILD-SNAPSHOT.jar:/home/efeariaroo/.m2/repository/org/springframework/boot/spring-boot-starter-logging/2.1.16.BUILD-SNAPSHOT/spring-boot-starter-logging-2.1.16.BUILD-SNAPSHOT.jar:/home/efeariaroo/.m2/repository/ch/qos/logback/logback-classic/1.2.3/logback-classic-1.2.3.jar:/home/efeariaroo/.m2/repository/ch/qos/logback/logback-core/1.2.3/logback-core-1.2.3.jar:/home/efeariaroo/.m2/repository/org/apache/logging/log4j/log4j-to-slf4j/2.11.2/log4j-to-slf4j-2.11.2.jar:/home/efeariaroo/.m2/repository/org/apache/logging/log4j/log4j-api/2.11.2/log4j-api-2.11.2.jar:/home/efeariaroo/.m2/repository/org/slf4j/jul-to-slf4j/1.7.30/jul-to-slf4j-1.7.30.jar:/home/efeariaroo/.m2/repository/javax/annotation/javax.annotation-api/1.3.2/javax.annotation-api-1.3.2.jar:/home/efeariaroo/.m2/repository/org/springframework/spring-core/5.1.16.RELEASE/spring-core-5.1.16.RELEASE.jar:/home/efeariaroo/.m2/repository/org/springframework/spring-jcl/5.1.16.RELEASE/spring-jcl-5.1.16.RELEASE.jar:/home/efeariaroo/.m2/repository/org/yaml/snakeyaml/1.23/snakeyaml-1.23.jar:/home/efeariaroo/.m2/repository/org/springframework/boot/spring-boot-starter-data-rest/2.1.16.BUILD-SNAPSHOT/spring-boot-starter-data-rest-2.1.16.BUILD-SNAPSHOT.jar:/home/efeariaroo/.m2/repository/org/springframework/boot/spring-boot-starter-web/2.1.16.BUILD-SNAPSHOT/spring-boot-starter-web-2.1.16.BUILD-SNAPSHOT.jar:/home/efeariaroo/.m2/repository/org/springframework/boot/spring-boot-starter-json/2.1.16.BUILD-SNAPSHOT/spring-boot-starter-json-2.1.16.BUILD-SNAPSHOT.jar:/home/efeariaroo/.m2/repository/com/fasterxml/jackson/datatype/jackson-datatype-jdk8/2.9.10/jackson-datatype-jdk8-2.9.10.jar:/home/efeariaroo/.m2/repository/com/fasterxml/jackson/datatype/jackson-datatype-jsr310/2.9.10/jackson-datatype-jsr310-2.9.10.jar:/home/efeariaroo/.m2/repository/com/fasterxml/jackson/module/jackson-module-parameter-names/2.9.10/jackson-module-parameter-names-2.9.10.jar:/home/efeariaroo/.m2/repository/org/springframework/boot/spring-boot-starter-tomcat/2.1.16.BUILD-SNAPSHOT/spring-boot-starter-tomcat-2.1.16.BUILD-SNAPSHOT.jar:/home/efeariaroo/.m2/repository/org/apache/tomcat/embed/tomcat-embed-core/9.0.36/tomcat-embed-core-9.0.36.jar:/home/efeariaroo/.m2/repository/org/apache/tomcat/embed/tomcat-embed-el/9.0.36/tomcat-embed-el-9.0.36.jar:/home/efeariaroo/.m2/repository/org/apache/tomcat/embed/tomcat-embed-websocket/9.0.36/tomcat-embed-websocket-9.0.36.jar:/home/efeariaroo/.m2/repository/org/hibernate/validator/hibernate-validator/6.0.20.Final/hibernate-validator-6.0.20.Final.jar:/home/efeariaroo/.m2/repository/org/jboss/logging/jboss-logging/3.3.3.Final/jboss-logging-3.3.3.Final.jar:/home/efeariaroo/.m2/repository/com/fasterxml/classmate/1.4.0/classmate-1.4.0.jar:/home/efeariaroo/.m2/repository/org/springframework/spring-web/5.1.16.RELEASE/spring-web-5.1.16.RELEASE.jar:/home/efeariaroo/.m2/repository/org/springframework/spring-webmvc/5.1.16.RELEASE/spring-webmvc-5.1.16.RELEASE.jar:/home/efeariaroo/.m2/repository/org/springframework/data/spring-data-rest-webmvc/3.1.18.RELEASE/spring-data-rest-webmvc-3.1.18.RELEASE.jar:/home/efeariaroo/.m2/repository/org/springframework/data/spring-data-rest-core/3.1.18.RELEASE/spring-data-rest-core-3.1.18.RELEASE.jar:/home/efeariaroo/.m2/repository/org/springframework/spring-tx/5.1.16.RELEASE/spring-tx-5.1.16.RELEASE.jar:/home/efeariaroo/.m2/repository/org/springframework/hateoas/spring-hateoas/0.25.2.RELEASE/spring-hateoas-0.25.2.RELEASE.jar:/home/efeariaroo/.m2/repository/org/springframework/data/spring-data-commons/2.1.18.RELEASE/spring-data-commons-2.1.18.RELEASE.jar:/home/efeariaroo/.m2/repository/org/springframework/plugin/spring-plugin-core/1.2.0.RELEASE/spring-plugin-core-1.2.0.RELEASE.jar:/home/efeariaroo/.m2/repository/org/atteo/evo-inflector/1.2.2/evo-inflector-1.2.2.jar:/home/efeariaroo/.m2/repository/com/fasterxml/jackson/core/jackson-databind/2.9.10.4/jackson-databind-2.9.10.4.jar:/home/efeariaroo/.m2/repository/com/fasterxml/jackson/core/jackson-core/2.9.10/jackson-core-2.9.10.jar:/home/efeariaroo/.m2/repository/com/fasterxml/jackson/core/jackson-annotations/2.9.10/jackson-annotations-2.9.10.jar:/home/efeariaroo/.m2/repository/org/slf4j/slf4j-api/1.7.30/slf4j-api-1.7.30.jar:/home/efeariaroo/.m2/repository/javax/validation/validation-api/2.0.1.Final/validation-api-2.0.1.Final.jar:/home/efeariaroo/.m2/repository/org/springframework/boot/spring-boot-starter-test/2.1.16.BUILD-SNAPSHOT/spring-boot-starter-test-2.1.16.BUILD-SNAPSHOT.jar:/home/efeariaroo/.m2/repository/org/springframework/boot/spring-boot-test/2.1.16.BUILD-SNAPSHOT/spring-boot-test-2.1.16.BUILD-SNAPSHOT.jar:/home/efeariaroo/.m2/repository/org/springframework/boot/spring-boot-test-autoconfigure/2.1.16.BUILD-SNAPSHOT/spring-boot-test-autoconfigure-2.1.16.BUILD-SNAPSHOT.jar:/home/efeariaroo/.m2/repository/com/jayway/jsonpath/json-path/2.4.0/json-path-2.4.0.jar:/home/efeariaroo/.m2/repository/net/minidev/json-smart/2.3/json-smart-2.3.jar:/home/efeariaroo/.m2/repository/net/minidev/accessors-smart/1.2/accessors-smart-1.2.jar:/home/efeariaroo/.m2/repository/org/ow2/asm/asm/5.0.4/asm-5.0.4.jar:/home/efeariaroo/.m2/repository/junit/junit/4.12/junit-4.12.jar:/home/efeariaroo/.m2/repository/org/assertj/assertj-core/3.11.1/assertj-core-3.11.1.jar:/home/efeariaroo/.m2/repository/org/mockito/mockito-core/2.23.4/mockito-core-2.23.4.jar:/home/efeariaroo/.m2/repository/net/bytebuddy/byte-buddy/1.9.16/byte-buddy-1.9.16.jar:/home/efeariaroo/.m2/repository/net/bytebuddy/byte-buddy-agent/1.9.16/byte-buddy-agent-1.9.16.jar:/home/efeariaroo/.m2/repository/org/objenesis/objenesis/2.6/objenesis-2.6.jar:/home/efeariaroo/.m2/repository/org/hamcrest/hamcrest-core/1.3/hamcrest-core-1.3.jar:/home/efeariaroo/.m2/repository/org/hamcrest/hamcrest-library/1.3/hamcrest-library-1.3.jar:/home/efeariaroo/.m2/repository/org/skyscreamer/jsonassert/1.5.0/jsonassert-1.5.0.jar:/home/efeariaroo/.m2/repository/com/vaadin/external/google/android-json/0.0.20131108.vaadin1/android-json-0.0.20131108.vaadin1.jar:/home/efeariaroo/.m2/repository/org/springframework/spring-test/5.1.16.RELEASE/spring-test-5.1.16.RELEASE.jar:/home/efeariaroo/.m2/repository/org/xmlunit/xmlunit-core/2.6.4/xmlunit-core-2.6.4.jar:"/>
    <property name="java.vm.vendor" value="Private Build"/>
    <property name="sun.arch.data.model" value="64"/>
    <property name="java.vendor.url" value="http://java.oracle.com/"/>
    <property name="user.timezone" value=""/>
    <property name="java.vm.specification.version" value="1.8"/>
    <property name="os.name" value="Linux"/>
    <property name="user.country" value="NG"/>
    <property name="sun.java.launcher" value="SUN_STANDARD"/>
    <property name="sun.boot.library.path" value="/usr/lib/jvm/java-8-openjdk-amd64/jre/lib/amd64"/>
    <property name="sun.java.command" value="/home/efeariaroo/projects/java/fx-calc/target/surefire/surefirebooter7940336560828080464.jar /home/efeariaroo/projects/java/fx-calc/target/surefire 2020-07-01T20-54-55_942-jvmRun1 surefire843325046781948800tmp surefire_01808060331506230249tmp"/>
    <property name="surefire.test.class.path" value="/home/efeariaroo/projects/java/fx-calc/target/test-classes:/home/efeariaroo/projects/java/fx-calc/target/classes:/home/efeariaroo/.m2/repository/org/springframework/boot/spring-boot-starter/2.1.16.BUILD-SNAPSHOT/spring-boot-starter-2.1.16.BUILD-SNAPSHOT.jar:/home/efeariaroo/.m2/repository/org/springframework/boot/spring-boot/2.1.16.BUILD-SNAPSHOT/spring-boot-2.1.16.BUILD-SNAPSHOT.jar:/home/efeariaroo/.m2/repository/org/springframework/spring-context/5.1.16.RELEASE/spring-context-5.1.16.RELEASE.jar:/home/efeariaroo/.m2/repository/org/springframework/spring-aop/5.1.16.RELEASE/spring-aop-5.1.16.RELEASE.jar:/home/efeariaroo/.m2/repository/org/springframework/spring-beans/5.1.16.RELEASE/spring-beans-5.1.16.RELEASE.jar:/home/efeariaroo/.m2/repository/org/springframework/spring-expression/5.1.16.RELEASE/spring-expression-5.1.16.RELEASE.jar:/home/efeariaroo/.m2/repository/org/springframework/boot/spring-boot-autoconfigure/2.1.16.BUILD-SNAPSHOT/spring-boot-autoconfigure-2.1.16.BUILD-SNAPSHOT.jar:/home/efeariaroo/.m2/repository/org/springframework/boot/spring-boot-starter-logging/2.1.16.BUILD-SNAPSHOT/spring-boot-starter-logging-2.1.16.BUILD-SNAPSHOT.jar:/home/efeariaroo/.m2/repository/ch/qos/logback/logback-classic/1.2.3/logback-classic-1.2.3.jar:/home/efeariaroo/.m2/repository/ch/qos/logback/logback-core/1.2.3/logback-core-1.2.3.jar:/home/efeariaroo/.m2/repository/org/apache/logging/log4j/log4j-to-slf4j/2.11.2/log4j-to-slf4j-2.11.2.jar:/home/efeariaroo/.m2/repository/org/apache/logging/log4j/log4j-api/2.11.2/log4j-api-2.11.2.jar:/home/efeariaroo/.m2/repository/org/slf4j/jul-to-slf4j/1.7.30/jul-to-slf4j-1.7.30.jar:/home/efeariaroo/.m2/repository/javax/annotation/javax.annotation-api/1.3.2/javax.annotation-api-1.3.2.jar:/home/efeariaroo/.m2/repository/org/springframework/spring-core/5.1.16.RELEASE/spring-core-5.1.16.RELEASE.jar:/home/efeariaroo/.m2/repository/org/springframework/spring-jcl/5.1.16.RELEASE/spring-jcl-5.1.16.RELEASE.jar:/home/efeariaroo/.m2/repository/org/yaml/snakeyaml/1.23/snakeyaml-1.23.jar:/home/efeariaroo/.m2/repository/org/springframework/boot/spring-boot-starter-data-rest/2.1.16.BUILD-SNAPSHOT/spring-boot-starter-data-rest-2.1.16.BUILD-SNAPSHOT.jar:/home/efeariaroo/.m2/repository/org/springframework/boot/spring-boot-starter-web/2.1.16.BUILD-SNAPSHOT/spring-boot-starter-web-2.1.16.BUILD-SNAPSHOT.jar:/home/efeariaroo/.m2/repository/org/springframework/boot/spring-boot-starter-json/2.1.16.BUILD-SNAPSHOT/spring-boot-starter-json-2.1.16.BUILD-SNAPSHOT.jar:/home/efeariaroo/.m2/repository/com/fasterxml/jackson/datatype/jackson-datatype-jdk8/2.9.10/jackson-datatype-jdk8-2.9.10.jar:/home/efeariaroo/.m2/repository/com/fasterxml/jackson/datatype/jackson-datatype-jsr310/2.9.10/jackson-datatype-jsr310-2.9.10.jar:/home/efeariaroo/.m2/repository/com/fasterxml/jackson/module/jackson-module-parameter-names/2.9.10/jackson-module-parameter-names-2.9.10.jar:/home/efeariaroo/.m2/repository/org/springframework/boot/spring-boot-starter-tomcat/2.1.16.BUILD-SNAPSHOT/spring-boot-starter-tomcat-2.1.16.BUILD-SNAPSHOT.jar:/home/efeariaroo/.m2/repository/org/apache/tomcat/embed/tomcat-embed-core/9.0.36/tomcat-embed-core-9.0.36.jar:/home/efeariaroo/.m2/repository/org/apache/tomcat/embed/tomcat-embed-el/9.0.36/tomcat-embed-el-9.0.36.jar:/home/efeariaroo/.m2/repository/org/apache/tomcat/embed/tomcat-embed-websocket/9.0.36/tomcat-embed-websocket-9.0.36.jar:/home/efeariaroo/.m2/repository/org/hibernate/validator/hibernate-validator/6.0.20.Final/hibernate-validator-6.0.20.Final.jar:/home/efeariaroo/.m2/repository/org/jboss/logging/jboss-logging/3.3.3.Final/jboss-logging-3.3.3.Final.jar:/home/efeariaroo/.m2/repository/com/fasterxml/classmate/1.4.0/classmate-1.4.0.jar:/home/efeariaroo/.m2/repository/org/springframework/spring-web/5.1.16.RELEASE/spring-web-5.1.16.RELEASE.jar:/home/efeariaroo/.m2/repository/org/springframework/spring-webmvc/5.1.16.RELEASE/spring-webmvc-5.1.16.RELEASE.jar:/home/efeariaroo/.m2/repository/org/springframework/data/spring-data-rest-webmvc/3.1.18.RELEASE/spring-data-rest-webmvc-3.1.18.RELEASE.jar:/home/efeariaroo/.m2/repository/org/springframework/data/spring-data-rest-core/3.1.18.RELEASE/spring-data-rest-core-3.1.18.RELEASE.jar:/home/efeariaroo/.m2/repository/org/springframework/spring-tx/5.1.16.RELEASE/spring-tx-5.1.16.RELEASE.jar:/home/efeariaroo/.m2/repository/org/springframework/hateoas/spring-hateoas/0.25.2.RELEASE/spring-hateoas-0.25.2.RELEASE.jar:/home/efeariaroo/.m2/repository/org/springframework/data/spring-data-commons/2.1.18.RELEASE/spring-data-commons-2.1.18.RELEASE.jar:/home/efeariaroo/.m2/repository/org/springframework/plugin/spring-plugin-core/1.2.0.RELEASE/spring-plugin-core-1.2.0.RELEASE.jar:/home/efeariaroo/.m2/repository/org/atteo/evo-inflector/1.2.2/evo-inflector-1.2.2.jar:/home/efeariaroo/.m2/repository/com/fasterxml/jackson/core/jackson-databind/2.9.10.4/jackson-databind-2.9.10.4.jar:/home/efeariaroo/.m2/repository/com/fasterxml/jackson/core/jackson-core/2.9.10/jackson-core-2.9.10.jar:/home/efeariaroo/.m2/repository/com/fasterxml/jackson/core/jackson-annotations/2.9.10/jackson-annotations-2.9.10.jar:/home/efeariaroo/.m2/repository/org/slf4j/slf4j-api/1.7.30/slf4j-api-1.7.30.jar:/home/efeariaroo/.m2/repository/javax/validation/validation-api/2.0.1.Final/validation-api-2.0.1.Final.jar:/home/efeariaroo/.m2/repository/org/springframework/boot/spring-boot-starter-test/2.1.16.BUILD-SNAPSHOT/spring-boot-starter-test-2.1.16.BUILD-SNAPSHOT.jar:/home/efeariaroo/.m2/repository/org/springframework/boot/spring-boot-test/2.1.16.BUILD-SNAPSHOT/spring-boot-test-2.1.16.BUILD-SNAPSHOT.jar:/home/efeariaroo/.m2/repository/org/springframework/boot/spring-boot-test-autoconfigure/2.1.16.BUILD-SNAPSHOT/spring-boot-test-autoconfigure-2.1.16.BUILD-SNAPSHOT.jar:/home/efeariaroo/.m2/repository/com/jayway/jsonpath/json-path/2.4.0/json-path-2.4.0.jar:/home/efeariaroo/.m2/repository/net/minidev/json-smart/2.3/json-smart-2.3.jar:/home/efeariaroo/.m2/repository/net/minidev/accessors-smart/1.2/accessors-smart-1.2.jar:/home/efeariaroo/.m2/repository/org/ow2/asm/asm/5.0.4/asm-5.0.4.jar:/home/efeariaroo/.m2/repository/junit/junit/4.12/junit-4.12.jar:/home/efeariaroo/.m2/repository/org/assertj/assertj-core/3.11.1/assertj-core-3.11.1.jar:/home/efeariaroo/.m2/repository/org/mockito/mockito-core/2.23.4/mockito-core-2.23.4.jar:/home/efeariaroo/.m2/repository/net/bytebuddy/byte-buddy/1.9.16/byte-buddy-1.9.16.jar:/home/efeariaroo/.m2/repository/net/bytebuddy/byte-buddy-agent/1.9.16/byte-buddy-agent-1.9.16.jar:/home/efeariaroo/.m2/repository/org/objenesis/objenesis/2.6/objenesis-2.6.jar:/home/efeariaroo/.m2/repository/org/hamcrest/hamcrest-core/1.3/hamcrest-core-1.3.jar:/home/efeariaroo/.m2/repository/org/hamcrest/hamcrest-library/1.3/hamcrest-library-1.3.jar:/home/efeariaroo/.m2/repository/org/skyscreamer/jsonassert/1.5.0/jsonassert-1.5.0.jar:/home/efeariaroo/.m2/repository/com/vaadin/external/google/android-json/0.0.20131108.vaadin1/android-json-0.0.20131108.vaadin1.jar:/home/efeariaroo/.m2/repository/org/springframework/spring-test/5.1.16.RELEASE/spring-test-5.1.16.RELEASE.jar:/home/efeariaroo/.m2/repository/org/xmlunit/xmlunit-core/2.6.4/xmlunit-core-2.6.4.jar:"/>
    <property name="sun.cpu.endian" value="little"/>
    <property name="user.home" value="/home/efeariaroo"/>
    <property name="user.language" value="en"/>
    <property name="java.specification.vendor" value="Oracle Corporation"/>
    <property name="java.home" value="/usr/lib/jvm/java-8-openjdk-amd64/jre"/>
    <property name="basedir" value="/home/efeariaroo/projects/java/fx-calc"/>
    <property name="file.separator" value="/"/>
    <property name="line.separator" value="&#10;"/>
    <property name="java.vm.specification.vendor" value="Oracle Corporation"/>
    <property name="java.specification.name" value="Java Platform API Specification"/>
    <property name="java.awt.graphicsenv" value="sun.awt.X11GraphicsEnvironment"/>
    <property name="idea.version2020.1.2" value="true"/>
    <property name="surefire.real.class.path" value="/home/efeariaroo/projects/java/fx-calc/target/surefire/surefirebooter7940336560828080464.jar"/>
    <property name="sun.boot.class.path" value="/usr/lib/jvm/java-8-openjdk-amd64/jre/lib/resources.jar:/usr/lib/jvm/java-8-openjdk-amd64/jre/lib/rt.jar:/usr/lib/jvm/java-8-openjdk-amd64/jre/lib/sunrsasign.jar:/usr/lib/jvm/java-8-openjdk-amd64/jre/lib/jsse.jar:/usr/lib/jvm/java-8-openjdk-amd64/jre/lib/jce.jar:/usr/lib/jvm/java-8-openjdk-amd64/jre/lib/charsets.jar:/usr/lib/jvm/java-8-openjdk-amd64/jre/lib/jfr.jar:/usr/lib/jvm/java-8-openjdk-amd64/jre/classes"/>
    <property name="sun.management.compiler" value="HotSpot 64-Bit Tiered Compilers"/>
    <property name="java.runtime.version" value="1.8.0_252-8u252-b09-1~18.04-b09"/>
    <property name="user.name" value="efeariaroo"/>
    <property name="path.separator" value=":"/>
    <property name="os.version" value="5.3.0-61-generic"/>
    <property name="java.endorsed.dirs" value="/usr/lib/jvm/java-8-openjdk-amd64/jre/lib/endorsed"/>
    <property name="java.runtime.name" value="OpenJDK Runtime Environment"/>
    <property name="file.encoding" value="UTF-8"/>
    <property name="java.vm.name" value="OpenJDK 64-Bit Server VM"/>
    <property name="localRepository" value="/home/efeariaroo/.m2/repository"/>
    <property name="java.vendor.url.bug" value="http://bugreport.sun.com/bugreport/"/>
    <property name="java.io.tmpdir" value="/tmp"/>
    <property name="java.version" value="1.8.0_252"/>
    <property name="user.dir" value="/home/efeariaroo/projects/java/fx-calc"/>
    <property name="os.arch" value="amd64"/>
    <property name="java.vm.specification.name" value="Java Virtual Machine Specification"/>
    <property name="java.awt.printerjob" value="sun.print.PSPrinterJob"/>
    <property name="sun.os.patch.level" value="unknown"/>
    <property name="java.library.path" value="/usr/java/packages/lib/amd64:/usr/lib/x86_64-linux-gnu/jni:/lib/x86_64-linux-gnu:/usr/lib/x86_64-linux-gnu:/usr/lib/jni:/lib:/usr/lib"/>
    <property name="java.vm.info" value="mixed mode"/>
    <property name="java.vendor" value="Private Build"/>
    <property name="java.vm.version" value="25.252-b09"/>
    <property name="java.ext.dirs" value="/usr/lib/jvm/java-8-openjdk-amd64/jre/lib/ext:/usr/java/packages/lib/ext"/>
    <property name="sun.io.unicode.encoding" value="UnicodeLittle"/>
    <property name="java.class.version" value="52.0"/>
  </properties>
  <testcase name="contextLoads" classname="com.fx.calc.CalcApplicationTests" time="0.12"/>
  <testcase name="testCalculateInvoice" classname="com.fx.calc.CalcApplicationTests" time="0.09">
    <failure message="Status expected:&lt;200&gt; but was:&lt;500&gt;" type="java.lang.AssertionError"><![CDATA[java.lang.AssertionError: Status expected:<200> but was:<500>
	at com.fx.calc.CalcApplicationTests.testCalculateInvoice(CalcApplicationTests.java:46)
]]></failure>
    <system-out><![CDATA[2020-07-01 20:54:59.575 ERROR 28516 --- [           main] c.f.c.c.GeneralControllerAdvice          : Required request body is missing: public org.springframework.http.ResponseEntity<com.fx.calc.models.dto.ResponseDto> com.fx.calc.rest.CalculatorRestController.handleCalculateInvoice(com.fx.calc.models.dto.CalculateInvoiceDto,org.springframework.validation.BindingResult) throws com.fx.calc.exceptions.NotFoundException,com.fx.calc.exceptions.InvalidDataFormatException,java.lang.Exception

org.springframework.http.converter.HttpMessageNotReadableException: Required request body is missing: public org.springframework.http.ResponseEntity<com.fx.calc.models.dto.ResponseDto> com.fx.calc.rest.CalculatorRestController.handleCalculateInvoice(com.fx.calc.models.dto.CalculateInvoiceDto,org.springframework.validation.BindingResult) throws com.fx.calc.exceptions.NotFoundException,com.fx.calc.exceptions.InvalidDataFormatException,java.lang.Exception
	at org.springframework.web.servlet.mvc.method.annotation.RequestResponseBodyMethodProcessor.readWithMessageConverters(RequestResponseBodyMethodProcessor.java:161) ~[spring-webmvc-5.1.16.RELEASE.jar:5.1.16.RELEASE]
	at org.springframework.web.servlet.mvc.method.annotation.RequestResponseBodyMethodProcessor.resolveArgument(RequestResponseBodyMethodProcessor.java:131) ~[spring-webmvc-5.1.16.RELEASE.jar:5.1.16.RELEASE]
	at org.springframework.web.method.support.HandlerMethodArgumentResolverComposite.resolveArgument(HandlerMethodArgumentResolverComposite.java:127) ~[spring-web-5.1.16.RELEASE.jar:5.1.16.RELEASE]
	at org.springframework.web.method.support.InvocableHandlerMethod.getMethodArgumentValues(InvocableHandlerMethod.java:167) ~[spring-web-5.1.16.RELEASE.jar:5.1.16.RELEASE]
	at org.springframework.web.method.support.InvocableHandlerMethod.invokeForRequest(InvocableHandlerMethod.java:134) ~[spring-web-5.1.16.RELEASE.jar:5.1.16.RELEASE]
	at org.springframework.web.servlet.mvc.method.annotation.ServletInvocableHandlerMethod.invokeAndHandle(ServletInvocableHandlerMethod.java:105) ~[spring-webmvc-5.1.16.RELEASE.jar:5.1.16.RELEASE]
	at org.springframework.web.servlet.mvc.method.annotation.RequestMappingHandlerAdapter.invokeHandlerMethod(RequestMappingHandlerAdapter.java:893) ~[spring-webmvc-5.1.16.RELEASE.jar:5.1.16.RELEASE]
	at org.springframework.web.servlet.mvc.method.annotation.RequestMappingHandlerAdapter.handleInternal(RequestMappingHandlerAdapter.java:798) ~[spring-webmvc-5.1.16.RELEASE.jar:5.1.16.RELEASE]
	at org.springframework.web.servlet.mvc.method.AbstractHandlerMethodAdapter.handle(AbstractHandlerMethodAdapter.java:87) ~[spring-webmvc-5.1.16.RELEASE.jar:5.1.16.RELEASE]
	at org.springframework.web.servlet.DispatcherServlet.doDispatch(DispatcherServlet.java:1040) ~[spring-webmvc-5.1.16.RELEASE.jar:5.1.16.RELEASE]
	at org.springframework.web.servlet.DispatcherServlet.doService(DispatcherServlet.java:943) ~[spring-webmvc-5.1.16.RELEASE.jar:5.1.16.RELEASE]
	at org.springframework.web.servlet.FrameworkServlet.processRequest(FrameworkServlet.java:1006) [spring-webmvc-5.1.16.RELEASE.jar:5.1.16.RELEASE]
	at org.springframework.web.servlet.FrameworkServlet.doPost(FrameworkServlet.java:909) [spring-webmvc-5.1.16.RELEASE.jar:5.1.16.RELEASE]
	at javax.servlet.http.HttpServlet.service(HttpServlet.java:660) ~[tomcat-embed-core-9.0.36.jar:9.0.36]
	at org.springframework.web.servlet.FrameworkServlet.service(FrameworkServlet.java:883) [spring-webmvc-5.1.16.RELEASE.jar:5.1.16.RELEASE]
	at org.springframework.test.web.servlet.TestDispatcherServlet.service(TestDispatcherServlet.java:72) [spring-test-5.1.16.RELEASE.jar:5.1.16.RELEASE]
	at javax.servlet.http.HttpServlet.service(HttpServlet.java:741) ~[tomcat-embed-core-9.0.36.jar:9.0.36]
	at org.springframework.mock.web.MockFilterChain$ServletFilterProxy.doFilter(MockFilterChain.java:167) [spring-test-5.1.16.RELEASE.jar:5.1.16.RELEASE]
	at org.springframework.mock.web.MockFilterChain.doFilter(MockFilterChain.java:134) [spring-test-5.1.16.RELEASE.jar:5.1.16.RELEASE]
	at org.springframework.web.filter.RequestContextFilter.doFilterInternal(RequestContextFilter.java:100) [spring-web-5.1.16.RELEASE.jar:5.1.16.RELEASE]
	at org.springframework.web.filter.OncePerRequestFilter.doFilter(OncePerRequestFilter.java:119) [spring-web-5.1.16.RELEASE.jar:5.1.16.RELEASE]
	at org.springframework.mock.web.MockFilterChain.doFilter(MockFilterChain.java:134) [spring-test-5.1.16.RELEASE.jar:5.1.16.RELEASE]
	at org.springframework.web.filter.FormContentFilter.doFilterInternal(FormContentFilter.java:93) [spring-web-5.1.16.RELEASE.jar:5.1.16.RELEASE]
	at org.springframework.web.filter.OncePerRequestFilter.doFilter(OncePerRequestFilter.java:119) [spring-web-5.1.16.RELEASE.jar:5.1.16.RELEASE]
	at org.springframework.mock.web.MockFilterChain.doFilter(MockFilterChain.java:134) [spring-test-5.1.16.RELEASE.jar:5.1.16.RELEASE]
	at org.springframework.web.filter.HiddenHttpMethodFilter.doFilterInternal(HiddenHttpMethodFilter.java:94) [spring-web-5.1.16.RELEASE.jar:5.1.16.RELEASE]
	at org.springframework.web.filter.OncePerRequestFilter.doFilter(OncePerRequestFilter.java:119) [spring-web-5.1.16.RELEASE.jar:5.1.16.RELEASE]
	at org.springframework.mock.web.MockFilterChain.doFilter(MockFilterChain.java:134) [spring-test-5.1.16.RELEASE.jar:5.1.16.RELEASE]
	at org.springframework.web.filter.CharacterEncodingFilter.doFilterInternal(CharacterEncodingFilter.java:201) [spring-web-5.1.16.RELEASE.jar:5.1.16.RELEASE]
	at org.springframework.web.filter.OncePerRequestFilter.doFilter(OncePerRequestFilter.java:119) [spring-web-5.1.16.RELEASE.jar:5.1.16.RELEASE]
	at org.springframework.mock.web.MockFilterChain.doFilter(MockFilterChain.java:134) [spring-test-5.1.16.RELEASE.jar:5.1.16.RELEASE]
	at org.springframework.test.web.servlet.MockMvc.perform(MockMvc.java:183) [spring-test-5.1.16.RELEASE.jar:5.1.16.RELEASE]
	at com.fx.calc.CalcApplicationTests.testCalculateInvoice(CalcApplicationTests.java:45) [test-classes/:na]
	at sun.reflect.NativeMethodAccessorImpl.invoke0(Native Method) ~[na:1.8.0_252]
	at sun.reflect.NativeMethodAccessorImpl.invoke(NativeMethodAccessorImpl.java:62) ~[na:1.8.0_252]
	at sun.reflect.DelegatingMethodAccessorImpl.invoke(DelegatingMethodAccessorImpl.java:43) ~[na:1.8.0_252]
	at java.lang.reflect.Method.invoke(Method.java:498) ~[na:1.8.0_252]
	at org.junit.runners.model.FrameworkMethod$1.runReflectiveCall(FrameworkMethod.java:50) [junit-4.12.jar:4.12]
	at org.junit.internal.runners.model.ReflectiveCallable.run(ReflectiveCallable.java:12) [junit-4.12.jar:4.12]
	at org.junit.runners.model.FrameworkMethod.invokeExplosively(FrameworkMethod.java:47) [junit-4.12.jar:4.12]
	at org.junit.internal.runners.statements.InvokeMethod.evaluate(InvokeMethod.java:17) [junit-4.12.jar:4.12]
	at org.springframework.test.context.junit4.statements.RunBeforeTestExecutionCallbacks.evaluate(RunBeforeTestExecutionCallbacks.java:74) [spring-test-5.1.16.RELEASE.jar:5.1.16.RELEASE]
	at org.springframework.test.context.junit4.statements.RunAfterTestExecutionCallbacks.evaluate(RunAfterTestExecutionCallbacks.java:84) [spring-test-5.1.16.RELEASE.jar:5.1.16.RELEASE]
	at org.springframework.test.context.junit4.statements.RunBeforeTestMethodCallbacks.evaluate(RunBeforeTestMethodCallbacks.java:75) [spring-test-5.1.16.RELEASE.jar:5.1.16.RELEASE]
	at org.springframework.test.context.junit4.statements.RunAfterTestMethodCallbacks.evaluate(RunAfterTestMethodCallbacks.java:86) [spring-test-5.1.16.RELEASE.jar:5.1.16.RELEASE]
	at org.springframework.test.context.junit4.statements.SpringRepeat.evaluate(SpringRepeat.java:84) [spring-test-5.1.16.RELEASE.jar:5.1.16.RELEASE]
	at org.junit.runners.ParentRunner.runLeaf(ParentRunner.java:325) [junit-4.12.jar:4.12]
	at org.springframework.test.context.junit4.SpringJUnit4ClassRunner.runChild(SpringJUnit4ClassRunner.java:251) [spring-test-5.1.16.RELEASE.jar:5.1.16.RELEASE]
	at org.springframework.test.context.junit4.SpringJUnit4ClassRunner.runChild(SpringJUnit4ClassRunner.java:97) [spring-test-5.1.16.RELEASE.jar:5.1.16.RELEASE]
	at org.junit.runners.ParentRunner$3.run(ParentRunner.java:290) [junit-4.12.jar:4.12]
	at org.junit.runners.ParentRunner$1.schedule(ParentRunner.java:71) [junit-4.12.jar:4.12]
	at org.junit.runners.ParentRunner.runChildren(ParentRunner.java:288) [junit-4.12.jar:4.12]
	at org.junit.runners.ParentRunner.access$000(ParentRunner.java:58) [junit-4.12.jar:4.12]
	at org.junit.runners.ParentRunner$2.evaluate(ParentRunner.java:268) [junit-4.12.jar:4.12]
	at org.springframework.test.context.junit4.statements.RunBeforeTestClassCallbacks.evaluate(RunBeforeTestClassCallbacks.java:61) [spring-test-5.1.16.RELEASE.jar:5.1.16.RELEASE]
	at org.springframework.test.context.junit4.statements.RunAfterTestClassCallbacks.evaluate(RunAfterTestClassCallbacks.java:70) [spring-test-5.1.16.RELEASE.jar:5.1.16.RELEASE]
	at org.junit.runners.ParentRunner.run(ParentRunner.java:363) [junit-4.12.jar:4.12]
	at org.springframework.test.context.junit4.SpringJUnit4ClassRunner.run(SpringJUnit4ClassRunner.java:190) [spring-test-5.1.16.RELEASE.jar:5.1.16.RELEASE]
	at org.apache.maven.surefire.junit4.JUnit4Provider.execute(JUnit4Provider.java:365) [surefire-junit4-2.22.2.jar:2.22.2]
	at org.apache.maven.surefire.junit4.JUnit4Provider.executeWithRerun(JUnit4Provider.java:273) [surefire-junit4-2.22.2.jar:2.22.2]
	at org.apache.maven.surefire.junit4.JUnit4Provider.executeTestSet(JUnit4Provider.java:238) [surefire-junit4-2.22.2.jar:2.22.2]
	at org.apache.maven.surefire.junit4.JUnit4Provider.invoke(JUnit4Provider.java:159) [surefire-junit4-2.22.2.jar:2.22.2]
	at org.apache.maven.surefire.booter.ForkedBooter.invokeProviderInSameClassLoader(ForkedBooter.java:384) [surefire-booter-2.22.2.jar:2.22.2]
	at org.apache.maven.surefire.booter.ForkedBooter.runSuitesInProcess(ForkedBooter.java:345) [surefire-booter-2.22.2.jar:2.22.2]
	at org.apache.maven.surefire.booter.ForkedBooter.execute(ForkedBooter.java:126) [surefire-booter-2.22.2.jar:2.22.2]
	at org.apache.maven.surefire.booter.ForkedBooter.main(ForkedBooter.java:418) [surefire-booter-2.22.2.jar:2.22.2]


MockHttpServletRequest:
      HTTP Method = POST
      Request URI = /api/v1/calculator/invoice
       Parameters = {}
          Headers = [Accept:"application/json"]
             Body = null
    Session Attrs = {}

Handler:
             Type = com.fx.calc.rest.CalculatorRestController
           Method = public org.springframework.http.ResponseEntity<com.fx.calc.models.dto.ResponseDto> com.fx.calc.rest.CalculatorRestController.handleCalculateInvoice(com.fx.calc.models.dto.CalculateInvoiceDto,org.springframework.validation.BindingResult) throws com.fx.calc.exceptions.NotFoundException,com.fx.calc.exceptions.InvalidDataFormatException,java.lang.Exception

Async:
    Async started = false
     Async result = null

Resolved Exception:
             Type = org.springframework.http.converter.HttpMessageNotReadableException

ModelAndView:
        View name = null
             View = null
            Model = null

FlashMap:
       Attributes = null

MockHttpServletResponse:
           Status = 500
    Error message = null
          Headers = [Content-Type:"application/json;charset=UTF-8"]
     Content type = application/json;charset=UTF-8
             Body = {"status":"error","message":"System error. Please contact the administrator."}
    Forwarded URL = null
   Redirected URL = null
          Cookies = []
]]></system-out>
  </testcase>
</testsuite>